2022-07-12 15:39:32,743 INFO o.a.j.u.JMeterUtils: Setting Locale to en_EN
2022-07-12 15:39:32,769 INFO o.a.j.JMeter: Loading user properties from: /usr/local/Cellar/jmeter/5.5/libexec/bin/user.properties
2022-07-12 15:39:32,770 INFO o.a.j.JMeter: Loading system properties from: /usr/local/Cellar/jmeter/5.5/libexec/bin/system.properties
2022-07-12 15:39:32,776 INFO o.a.j.JMeter: Copyright (c) 1998-2022 The Apache Software Foundation
2022-07-12 15:39:32,776 INFO o.a.j.JMeter: Version 5.5
2022-07-12 15:39:32,776 INFO o.a.j.JMeter: java.version=18.0.1.1
2022-07-12 15:39:32,776 INFO o.a.j.JMeter: java.vm.name=OpenJDK 64-Bit Server VM
2022-07-12 15:39:32,777 INFO o.a.j.JMeter: os.name=Mac OS X
2022-07-12 15:39:32,777 INFO o.a.j.JMeter: os.arch=x86_64
2022-07-12 15:39:32,777 INFO o.a.j.JMeter: os.version=12.4
2022-07-12 15:39:32,777 INFO o.a.j.JMeter: file.encoding=UTF-8
2022-07-12 15:39:32,777 INFO o.a.j.JMeter: java.awt.headless=null
2022-07-12 15:39:32,777 INFO o.a.j.JMeter: Max memory     =1073741824
2022-07-12 15:39:32,777 INFO o.a.j.JMeter: Available Processors =16
2022-07-12 15:39:32,785 INFO o.a.j.JMeter: Default Locale=English (EN)
2022-07-12 15:39:32,785 INFO o.a.j.JMeter: JMeter  Locale=English (EN)
2022-07-12 15:39:32,786 INFO o.a.j.JMeter: JMeterHome=/usr/local/Cellar/jmeter/5.5/libexec
2022-07-12 15:39:32,786 INFO o.a.j.JMeter: user.dir  =/Users/supertree/Documents/code/java-path/jmeter
2022-07-12 15:39:32,786 INFO o.a.j.JMeter: PWD       =/Users/supertree/Documents/code/java-path/jmeter
2022-07-12 15:39:32,797 INFO o.a.j.JMeter: IP: 172.16.35.184 Name: augustine-2.local FullName: 172.16.35.184
